<?xml version="1.0" encoding="UTF-8"?>
<!-- Generated by org.testng.reporters.JUnitReportReporter -->
<testsuite hostname="Kirti" failures="0" tests="1" name="com.base.TestRunner" time="22.809" errors="0" timestamp="2022-09-05T21:01:44 BST" skipped="0">
  <testcase classname="com.base.TestRunner" name="runScenario" time="22.809"/>
  <system-out/>
</testsuite> <!-- com.base.TestRunner -->
